2026-03-16 14:23:51,939 - WARNING - Logging config file missing. Falling back to basic file logging.
2026-03-16 14:23:51,939 - INFO - GameManager initialized via Injection.
2026-03-16 14:23:51,940 - INFO - Bootloader complete: Title Screen + Main Menu active.
2026-03-16 14:23:53,812 - DEBUG - Processing input 'down' for MainMenu
2026-03-16 14:23:54,284 - DEBUG - Processing input 'enter' for MainMenu
2026-03-16 14:23:55,327 - DEBUG - Processing input 'up' for MainMenu
2026-03-16 14:23:58,409 - DEBUG - Processing input 'e' for MainMenu
2026-03-16 14:23:59,602 - DEBUG - Processing input 'e' for MainMenu
2026-03-16 14:23:59,894 - DEBUG - Processing input 'e' for MainMenu
2026-03-16 14:24:00,074 - DEBUG - Processing input 'e' for MainMenu
2026-03-16 14:24:00,374 - DEBUG - Processing input 'w' for MainMenu
2026-03-16 14:24:00,502 - DEBUG - Processing input 'e' for MainMenu
2026-03-16 14:24:00,562 - DEBUG - Processing input 'r' for MainMenu
2026-03-16 14:24:00,704 - DEBUG - Processing input 'w' for MainMenu
2026-03-16 14:24:00,787 - DEBUG - Processing input 'e' for MainMenu
2026-03-16 14:24:01,754 - DEBUG - Processing input 'down' for MainMenu
2026-03-16 14:24:02,054 - DEBUG - Processing input 'up' for MainMenu
2026-03-16 14:24:02,714 - DEBUG - Processing input 'enter' for MainMenu
2026-03-16 14:24:04,432 - DEBUG - Processing input 'down' for WelcomeMenu
2026-03-16 14:24:04,724 - DEBUG - Processing input 'up' for WelcomeMenu
2026-03-16 14:24:04,898 - DEBUG - Processing input 'up' for WelcomeMenu
2026-03-16 14:24:13,879 - INFO - OS signal [1] intercepted: Terminal hung up
2026-03-16 14:24:13,879 - WARNING - Exit requested: Terminal hung up (Code: TERMINATED)
2026-03-16 14:31:17,929 - WARNING - Logging config file missing. Falling back to basic file logging.
2026-03-16 14:31:17,929 - INFO - GameManager initialized via Injection.
2026-03-16 14:31:17,929 - INFO - Bootloader complete: Title Screen + Main Menu active.
2026-03-16 14:32:14,047 - INFO - OS signal [1] intercepted: Terminal hung up
2026-03-16 14:32:14,047 - WARNING - Exit requested: Terminal hung up (Code: TERMINATED)
2026-03-16 14:34:50,023 - WARNING - Logging config file missing. Falling back to basic file logging.
2026-03-16 14:34:50,023 - INFO - GameManager initialized via Injection.
2026-03-16 14:34:50,023 - INFO - Bootloader complete: Title Screen + Main Menu active.
2026-03-16 14:35:07,361 - INFO - OS signal [1] intercepted: Terminal hung up
2026-03-16 14:35:07,361 - WARNING - Exit requested: Terminal hung up (Code: TERMINATED)
2026-03-16 14:48:36,629 - WARNING - Logging config file missing. Falling back to basic file logging.
2026-03-16 14:48:36,629 - INFO - GameManager initialized via Injection.
2026-03-16 14:48:36,629 - INFO - Bootloader complete: Title Screen + Main Menu active.
2026-03-16 14:49:08,853 - INFO - OS signal [1] intercepted: Terminal hung up
2026-03-16 14:49:08,853 - WARNING - Exit requested: Terminal hung up (Code: TERMINATED)
2026-03-16 14:49:15,388 - WARNING - Logging config file missing. Falling back to basic file logging.
2026-03-16 14:49:15,388 - INFO - GameManager initialized via Injection.
2026-03-16 14:49:15,388 - INFO - Bootloader complete: Title Screen + Main Menu active.
2026-03-16 14:49:20,302 - INFO - OS signal [1] intercepted: Terminal hung up
2026-03-16 14:49:20,302 - WARNING - Exit requested: Terminal hung up (Code: TERMINATED)
2026-03-16 14:49:50,917 - WARNING - Logging config file missing. Falling back to basic file logging.
2026-03-16 14:49:50,917 - INFO - GameManager initialized via Injection.
2026-03-16 14:49:50,917 - INFO - Bootloader complete: Title Screen + Main Menu active.
2026-03-16 14:50:02,867 - DEBUG - Processing input 's' for MainMenu
2026-03-16 14:51:10,952 - DEBUG - Processing input 'down' for MainMenu
2026-03-16 14:51:11,807 - DEBUG - Processing input 'enter' for MainMenu
2026-03-16 14:51:18,422 - DEBUG - Processing input 'down' for MainMenu
2026-03-16 14:51:19,029 - DEBUG - Processing input 'enter' for MainMenu
2026-03-16 14:51:19,029 - WARNING - Exit requested: User quit (Code: SUCCESS)
2026-03-16 14:51:19,029 - INFO - System exiting with code 0
